<?xml version="1.0" encoding="UTF-8"?>
<testng-results ignored="0" total="1" passed="1" failed="0" skipped="0">
  <reporter-output>
  </reporter-output>
  <suite started-at="2022-12-22T10:49:15 IST" name="Default suite" finished-at="2022-12-22T10:49:29 IST" duration-ms="14542">
    <groups>
    </groups>
    <test started-at="2022-12-22T10:49:15 IST" name="Default test" finished-at="2022-12-22T10:49:29 IST" duration-ms="14542">
      <class name="googletest.GoogleTest">
        <test-method signature="testgoogle()[pri:0, instance:googletest.GoogleTest@14bdbc74]" started-at="2022-12-22T10:49:15 IST" name="testgoogle" finished-at="2022-12-22T10:49:29 IST" duration-ms="14501" status="PASS">
          <reporter-output>
          </reporter-output>
        </test-method> <!-- testgoogle -->
      </class> <!-- googletest.GoogleTest -->
    </test> <!-- Default test -->
  </suite> <!-- Default suite -->
</testng-results>
